<?xml version="1.0" encoding="UTF-8"?>
<testng-results ignored="0" total="1" passed="1" failed="0" skipped="0">
  <reporter-output>
  </reporter-output>
  <suite started-at="2021-07-13T08:22:03 IST" name="Default suite" finished-at="2021-07-13T08:22:16 IST" duration-ms="12580">
    <groups>
    </groups>
    <test started-at="2021-07-13T08:22:03 IST" name="Default test" finished-at="2021-07-13T08:22:16 IST" duration-ms="12580">
      <class name="TestNG_Classroom_Programs.Alerts">
        <test-method is-config="true" signature="openurl()[pri:0, instance:TestNG_Classroom_Programs.Alerts@6b4a4e18]" started-at="2021-07-13T08:22:03 IST" name="openurl" finished-at="2021-07-13T08:22:09 IST" duration-ms="6144" status="PASS">
          <reporter-output>
          </reporter-output>
        </test-method> <!-- openurl -->
        <test-method signature="handlingalerts()[pri:0, instance:TestNG_Classroom_Programs.Alerts@6b4a4e18]" started-at="2021-07-13T08:22:09 IST" name="handlingalerts" finished-at="2021-07-13T08:22:15 IST" duration-ms="6148" status="PASS">
          <reporter-output>
          </reporter-output>
        </test-method> <!-- handlingalerts -->
        <test-method is-config="true" signature="afterTest()[pri:0, instance:TestNG_Classroom_Programs.Alerts@6b4a4e18]" started-at="2021-07-13T08:22:15 IST" name="afterTest" finished-at="2021-07-13T08:22:16 IST" duration-ms="228" status="PASS">
          <reporter-output>
          </reporter-output>
        </test-method> <!-- afterTest -->
      </class> <!-- TestNG_Classroom_Programs.Alerts -->
    </test> <!-- Default test -->
  </suite> <!-- Default suite -->
</testng-results>
